<?xml version="1.0" encoding="UTF-8"?>
<!-- Generated by org.testng.reporters.JUnitXMLReporter -->
<testsuite ignored="2" hostname="DESKTOP-I7U672O" failures="0" tests="1" name="Test" time="0.286" errors="0" timestamp="2023-01-23T10:12:35 IST">
  <testcase classname="com.jenkinsproject.DemoTest" name="Test7" time="0.032"/>
  <testcase classname="com.jenkinsproject.DemoTest" name="Test6" time="0.0">
    <ignored/>
  </testcase> <!-- Test6 -->
  <testcase classname="com.jenkinsproject.DemoTest" name="Test1" time="0.0">
    <ignored/>
  </testcase> <!-- Test1 -->
</testsuite> <!-- Test -->
