<?xml version="1.0" encoding="UTF-8"?>
<!-- Generated by org.testng.reporters.JUnitXMLReporter -->
<testsuite ignored="2" hostname="DESKTOP-I7U672O" failures="0" tests="2" name="Test" time="0.269" errors="0" timestamp="2023-01-21T08:51:12 IST">
  <testcase classname="com.jenkinsproject.Demo4_Test" name="Test4" time="0.024"/>
  <testcase classname="com.jenkinsproject.Demo3_Test" name="Test3" time="0.011"/>
  <testcase classname="com.jenkinsproject.Demo2_Test" name="test2" time="0.0">
    <ignored/>
  </testcase> <!-- test2 -->
  <testcase classname="com.jenkinsproject.DemoTest" name="Test1" time="0.0">
    <ignored/>
  </testcase> <!-- Test1 -->
</testsuite> <!-- Test -->
