<?xml version="1.0" encoding="UTF-8"?>
<testng-results ignored="2" total="3" passed="1" failed="0" skipped="0">
  <reporter-output>
  </reporter-output>
  <suite started-at="2023-01-23T10:12:35 IST" name="Suite" finished-at="2023-01-23T10:12:35 IST" duration-ms="286">
    <groups>
      <group name="smoke">
        <method signature="DemoTest.Test7()[pri:0, instance:com.jenkinsproject.DemoTest@2bfc268b]" name="Test7" class="com.jenkinsproject.DemoTest"/>
      </group> <!-- smoke -->
    </groups>
    <test started-at="2023-01-23T10:12:35 IST" name="Test" finished-at="2023-01-23T10:12:35 IST" duration-ms="286">
      <class name="com.jenkinsproject.DemoTest">
        <test-method signature="Test7()[pri:0, instance:com.jenkinsproject.DemoTest@2bfc268b]" started-at="2023-01-23T10:12:35 IST" name="Test7" finished-at="2023-01-23T10:12:35 IST" duration-ms="32" status="PASS">
          <reporter-output>
          </reporter-output>
        </test-method> <!-- Test7 -->
      </class> <!-- com.jenkinsproject.DemoTest -->
    </test> <!-- Test -->
  </suite> <!-- Suite -->
</testng-results>
